2023-10-11 15:07:43 — INFO — Running with edr=0.11.0
2023-10-11 15:07:43 — DEBUG — Running dbt deps --project-dir C:\Users\Megha Goyte\Desktop\dbt_project\venv\Lib\site-packages\elementary\monitor\dbt_project
2023-10-11 15:07:49 — DEBUG — Running dbt --log-format json run-operation elementary.log_macro_results --args {"macro_name": "elementary_cli.get_latest_invocation", "macro_args": {}} --project-dir C:\Users\Megha Goyte\Desktop\dbt_project\venv\Lib\site-packages\elementary\monitor\dbt_project
2023-10-11 15:07:58 — DEBUG — Result bytes size for command '['dbt', '--log-format', 'json', 'run-operation', 'elementary.log_macro_results', '--args', '{"macro_name": "elementary_cli.get_latest_invocation", "macro_args": {}}', '--project-dir', 'C:\\Users\\Megha Goyte\\Desktop\\dbt_project\\venv\\Lib\\site-packages\\elementary\\monitor\\dbt_project']' is 3837
2023-10-11 15:07:58 — DEBUG — Running dbt --log-format json run-operation elementary.log_macro_results --args {"macro_name": "elementary_cli.get_adapter_type_and_unique_id", "macro_args": {}} --project-dir C:\Users\Megha Goyte\Desktop\dbt_project\venv\Lib\site-packages\elementary\monitor\dbt_project
2023-10-11 15:08:02 — DEBUG — Result bytes size for command '['dbt', '--log-format', 'json', 'run-operation', 'elementary.log_macro_results', '--args', '{"macro_name": "elementary_cli.get_adapter_type_and_unique_id", "macro_args": {}}', '--project-dir', 'C:\\Users\\Megha Goyte\\Desktop\\dbt_project\\venv\\Lib\\site-packages\\elementary\\monitor\\dbt_project']' is 1538
2023-10-11 15:08:02 — INFO — edr (0.11.0) and Elementary's dbt package (0.11.1) are compatible.
2023-10-11 15:08:02 — DEBUG — Running dbt --log-format json run-operation elementary.log_macro_results --args {"macro_name": "elementary_cli.get_elementary_database_and_schema", "macro_args": {}} --project-dir C:\Users\Megha Goyte\Desktop\dbt_project\venv\Lib\site-packages\elementary\monitor\dbt_project
2023-10-11 15:08:06 — DEBUG — Result bytes size for command '['dbt', '--log-format', 'json', 'run-operation', 'elementary.log_macro_results', '--args', '{"macro_name": "elementary_cli.get_elementary_database_and_schema", "macro_args": {}}', '--project-dir', 'C:\\Users\\Megha Goyte\\Desktop\\dbt_project\\venv\\Lib\\site-packages\\elementary\\monitor\\dbt_project']' is 1480
2023-10-11 15:08:06 — INFO — Elementary's database and schema: '"DEMO_DB.DBT_PROJECT"'
2023-10-11 15:08:06 — INFO — Running dbt --log-format json run-operation elementary.log_macro_results --args {"macro_name": "elementary_cli.get_test_results", "macro_args": {"days_back": 7, "invocations_per_test": 720, "disable_passed_test_metrics": false}} --project-dir C:\Users\Megha Goyte\Desktop\dbt_project\venv\Lib\site-packages\elementary\monitor\dbt_project
2023-10-11 15:08:13 — DEBUG — Result bytes size for command '['dbt', '--log-format', 'json', 'run-operation', 'elementary.log_macro_results', '--args', '{"macro_name": "elementary_cli.get_test_results", "macro_args": {"days_back": 7, "invocations_per_test": 720, "disable_passed_test_metrics": false}}', '--project-dir', 'C:\\Users\\Megha Goyte\\Desktop\\dbt_project\\venv\\Lib\\site-packages\\elementary\\monitor\\dbt_project']' is 487628
2023-10-11 15:08:13 — INFO — Running dbt --log-format json run-operation elementary.log_macro_results --args {"macro_name": "elementary_cli.get_models", "macro_args": {"exclude_elementary": true}} --project-dir C:\Users\Megha Goyte\Desktop\dbt_project\venv\Lib\site-packages\elementary\monitor\dbt_project
2023-10-11 15:08:18 — DEBUG — Result bytes size for command '['dbt', '--log-format', 'json', 'run-operation', 'elementary.log_macro_results', '--args', '{"macro_name": "elementary_cli.get_models", "macro_args": {"exclude_elementary": true}}', '--project-dir', 'C:\\Users\\Megha Goyte\\Desktop\\dbt_project\\venv\\Lib\\site-packages\\elementary\\monitor\\dbt_project']' is 21114
2023-10-11 15:08:18 — INFO — Running dbt --log-format json run-operation elementary.log_macro_results --args {"macro_name": "elementary_cli.get_sources", "macro_args": {}} --project-dir C:\Users\Megha Goyte\Desktop\dbt_project\venv\Lib\site-packages\elementary\monitor\dbt_project
2023-10-11 15:08:23 — DEBUG — Result bytes size for command '['dbt', '--log-format', 'json', 'run-operation', 'elementary.log_macro_results', '--args', '{"macro_name": "elementary_cli.get_sources", "macro_args": {}}', '--project-dir', 'C:\\Users\\Megha Goyte\\Desktop\\dbt_project\\venv\\Lib\\site-packages\\elementary\\monitor\\dbt_project']' is 2888
2023-10-11 15:08:23 — INFO — Running dbt --log-format json run-operation elementary.log_macro_results --args {"macro_name": "elementary_cli.get_exposures", "macro_args": {}} --project-dir C:\Users\Megha Goyte\Desktop\dbt_project\venv\Lib\site-packages\elementary\monitor\dbt_project
2023-10-11 15:08:29 — DEBUG — Result bytes size for command '['dbt', '--log-format', 'json', 'run-operation', 'elementary.log_macro_results', '--args', '{"macro_name": "elementary_cli.get_exposures", "macro_args": {}}', '--project-dir', 'C:\\Users\\Megha Goyte\\Desktop\\dbt_project\\venv\\Lib\\site-packages\\elementary\\monitor\\dbt_project']' is 1442
2023-10-11 15:08:29 — INFO — Running dbt --log-format json run-operation elementary.log_macro_results --args {"macro_name": "elementary_cli.get_models_runs", "macro_args": {"days_back": 7, "exclude_elementary": true}} --project-dir C:\Users\Megha Goyte\Desktop\dbt_project\venv\Lib\site-packages\elementary\monitor\dbt_project
2023-10-11 15:08:34 — DEBUG — Result bytes size for command '['dbt', '--log-format', 'json', 'run-operation', 'elementary.log_macro_results', '--args', '{"macro_name": "elementary_cli.get_models_runs", "macro_args": {"days_back": 7, "exclude_elementary": true}}', '--project-dir', 'C:\\Users\\Megha Goyte\\Desktop\\dbt_project\\venv\\Lib\\site-packages\\elementary\\monitor\\dbt_project']' is 45192
2023-10-11 15:08:34 — INFO — Running dbt --log-format json run-operation elementary.log_macro_results --args {"macro_name": "elementary_cli.get_dbt_models_test_coverage", "macro_args": {}} --project-dir C:\Users\Megha Goyte\Desktop\dbt_project\venv\Lib\site-packages\elementary\monitor\dbt_project
2023-10-11 15:08:40 — DEBUG — Result bytes size for command '['dbt', '--log-format', 'json', 'run-operation', 'elementary.log_macro_results', '--args', '{"macro_name": "elementary_cli.get_dbt_models_test_coverage", "macro_args": {}}', '--project-dir', 'C:\\Users\\Megha Goyte\\Desktop\\dbt_project\\venv\\Lib\\site-packages\\elementary\\monitor\\dbt_project']' is 5692
2023-10-11 15:08:40 — INFO — Running dbt --log-format json run-operation elementary.log_macro_results --args {"macro_name": "elementary_cli.get_nodes_depends_on_nodes", "macro_args": {"exclude_elementary": true}} --project-dir C:\Users\Megha Goyte\Desktop\dbt_project\venv\Lib\site-packages\elementary\monitor\dbt_project
2023-10-11 15:08:45 — DEBUG — Result bytes size for command '['dbt', '--log-format', 'json', 'run-operation', 'elementary.log_macro_results', '--args', '{"macro_name": "elementary_cli.get_nodes_depends_on_nodes", "macro_args": {"exclude_elementary": true}}', '--project-dir', 'C:\\Users\\Megha Goyte\\Desktop\\dbt_project\\venv\\Lib\\site-packages\\elementary\\monitor\\dbt_project']' is 8580
2023-10-11 15:08:45 — INFO — Running dbt --log-format json run-operation elementary.log_macro_results --args {"macro_name": "elementary_cli.get_models_latest_invocation", "macro_args": {}} --project-dir C:\Users\Megha Goyte\Desktop\dbt_project\venv\Lib\site-packages\elementary\monitor\dbt_project
2023-10-11 15:08:50 — DEBUG — Result bytes size for command '['dbt', '--log-format', 'json', 'run-operation', 'elementary.log_macro_results', '--args', '{"macro_name": "elementary_cli.get_models_latest_invocation", "macro_args": {}}', '--project-dir', 'C:\\Users\\Megha Goyte\\Desktop\\dbt_project\\venv\\Lib\\site-packages\\elementary\\monitor\\dbt_project']' is 13626
2023-10-11 15:08:50 — INFO — Running dbt --log-format json run-operation elementary.log_macro_results --args {"macro_name": "elementary_cli.get_models_latest_invocations_data", "macro_args": {}} --project-dir C:\Users\Megha Goyte\Desktop\dbt_project\venv\Lib\site-packages\elementary\monitor\dbt_project
2023-10-11 15:08:55 — DEBUG — Result bytes size for command '['dbt', '--log-format', 'json', 'run-operation', 'elementary.log_macro_results', '--args', '{"macro_name": "elementary_cli.get_models_latest_invocations_data", "macro_args": {}}', '--project-dir', 'C:\\Users\\Megha Goyte\\Desktop\\dbt_project\\venv\\Lib\\site-packages\\elementary\\monitor\\dbt_project']' is 1868
2023-10-11 15:21:52 — INFO — Running with edr=0.11.0
2023-10-11 15:25:10 — INFO — Running with edr=0.11.0
2023-10-11 15:25:40 — INFO — Running with edr=0.11.0
2023-10-19 15:05:53 — INFO — Running with edr=0.11.0
2023-10-19 15:05:53 — DEBUG — Running dbt --log-format json run-operation elementary.log_macro_results --args {"macro_name": "elementary_cli.get_latest_invocation", "macro_args": {}} --project-dir C:\Users\Megha Goyte\Desktop\dbt_project\venv\Lib\site-packages\elementary\monitor\dbt_project
2023-10-19 15:06:03 — DEBUG — Result bytes size for command '['dbt', '--log-format', 'json', 'run-operation', 'elementary.log_macro_results', '--args', '{"macro_name": "elementary_cli.get_latest_invocation", "macro_args": {}}', '--project-dir', 'C:\\Users\\Megha Goyte\\Desktop\\dbt_project\\venv\\Lib\\site-packages\\elementary\\monitor\\dbt_project']' is 3470
2023-10-19 15:06:03 — DEBUG — Running dbt --log-format json run-operation elementary.log_macro_results --args {"macro_name": "elementary_cli.get_adapter_type_and_unique_id", "macro_args": {}} --project-dir C:\Users\Megha Goyte\Desktop\dbt_project\venv\Lib\site-packages\elementary\monitor\dbt_project
2023-10-19 15:06:07 — DEBUG — Result bytes size for command '['dbt', '--log-format', 'json', 'run-operation', 'elementary.log_macro_results', '--args', '{"macro_name": "elementary_cli.get_adapter_type_and_unique_id", "macro_args": {}}', '--project-dir', 'C:\\Users\\Megha Goyte\\Desktop\\dbt_project\\venv\\Lib\\site-packages\\elementary\\monitor\\dbt_project']' is 1534
2023-10-19 15:06:07 — INFO — edr (0.11.0) and Elementary's dbt package (0.11.1) are compatible.
2023-10-19 15:06:07 — DEBUG — Running dbt --log-format json run-operation elementary.log_macro_results --args {"macro_name": "elementary_cli.get_elementary_database_and_schema", "macro_args": {}} --project-dir C:\Users\Megha Goyte\Desktop\dbt_project\venv\Lib\site-packages\elementary\monitor\dbt_project
2023-10-19 15:06:11 — DEBUG — Result bytes size for command '['dbt', '--log-format', 'json', 'run-operation', 'elementary.log_macro_results', '--args', '{"macro_name": "elementary_cli.get_elementary_database_and_schema", "macro_args": {}}', '--project-dir', 'C:\\Users\\Megha Goyte\\Desktop\\dbt_project\\venv\\Lib\\site-packages\\elementary\\monitor\\dbt_project']' is 1484
2023-10-19 15:06:11 — INFO — Elementary's database and schema: '"DEMO_DB.DBT_PROJECT"'
2023-10-19 15:06:11 — INFO — Running dbt --log-format json run-operation elementary.log_macro_results --args {"macro_name": "elementary_cli.get_test_results", "macro_args": {"days_back": 7, "invocations_per_test": 720, "disable_passed_test_metrics": false}} --project-dir C:\Users\Megha Goyte\Desktop\dbt_project\venv\Lib\site-packages\elementary\monitor\dbt_project
2023-10-19 15:06:18 — DEBUG — Result bytes size for command '['dbt', '--log-format', 'json', 'run-operation', 'elementary.log_macro_results', '--args', '{"macro_name": "elementary_cli.get_test_results", "macro_args": {"days_back": 7, "invocations_per_test": 720, "disable_passed_test_metrics": false}}', '--project-dir', 'C:\\Users\\Megha Goyte\\Desktop\\dbt_project\\venv\\Lib\\site-packages\\elementary\\monitor\\dbt_project']' is 249862
2023-10-19 15:06:18 — INFO — Running dbt --log-format json run-operation elementary.log_macro_results --args {"macro_name": "elementary_cli.get_models", "macro_args": {"exclude_elementary": true}} --project-dir C:\Users\Megha Goyte\Desktop\dbt_project\venv\Lib\site-packages\elementary\monitor\dbt_project
2023-10-19 15:06:24 — DEBUG — Result bytes size for command '['dbt', '--log-format', 'json', 'run-operation', 'elementary.log_macro_results', '--args', '{"macro_name": "elementary_cli.get_models", "macro_args": {"exclude_elementary": true}}', '--project-dir', 'C:\\Users\\Megha Goyte\\Desktop\\dbt_project\\venv\\Lib\\site-packages\\elementary\\monitor\\dbt_project']' is 22344
2023-10-19 15:06:24 — INFO — Running dbt --log-format json run-operation elementary.log_macro_results --args {"macro_name": "elementary_cli.get_sources", "macro_args": {}} --project-dir C:\Users\Megha Goyte\Desktop\dbt_project\venv\Lib\site-packages\elementary\monitor\dbt_project
2023-10-19 15:06:30 — DEBUG — Result bytes size for command '['dbt', '--log-format', 'json', 'run-operation', 'elementary.log_macro_results', '--args', '{"macro_name": "elementary_cli.get_sources", "macro_args": {}}', '--project-dir', 'C:\\Users\\Megha Goyte\\Desktop\\dbt_project\\venv\\Lib\\site-packages\\elementary\\monitor\\dbt_project']' is 2892
2023-10-19 15:06:30 — INFO — Running dbt --log-format json run-operation elementary.log_macro_results --args {"macro_name": "elementary_cli.get_exposures", "macro_args": {}} --project-dir C:\Users\Megha Goyte\Desktop\dbt_project\venv\Lib\site-packages\elementary\monitor\dbt_project
2023-10-19 15:06:35 — DEBUG — Result bytes size for command '['dbt', '--log-format', 'json', 'run-operation', 'elementary.log_macro_results', '--args', '{"macro_name": "elementary_cli.get_exposures", "macro_args": {}}', '--project-dir', 'C:\\Users\\Megha Goyte\\Desktop\\dbt_project\\venv\\Lib\\site-packages\\elementary\\monitor\\dbt_project']' is 1446
2023-10-19 15:06:35 — INFO — Running dbt --log-format json run-operation elementary.log_macro_results --args {"macro_name": "elementary_cli.get_models_runs", "macro_args": {"days_back": 7, "exclude_elementary": true}} --project-dir C:\Users\Megha Goyte\Desktop\dbt_project\venv\Lib\site-packages\elementary\monitor\dbt_project
2023-10-19 15:06:41 — DEBUG — Result bytes size for command '['dbt', '--log-format', 'json', 'run-operation', 'elementary.log_macro_results', '--args', '{"macro_name": "elementary_cli.get_models_runs", "macro_args": {"days_back": 7, "exclude_elementary": true}}', '--project-dir', 'C:\\Users\\Megha Goyte\\Desktop\\dbt_project\\venv\\Lib\\site-packages\\elementary\\monitor\\dbt_project']' is 36316
2023-10-19 15:06:41 — INFO — Running dbt --log-format json run-operation elementary.log_macro_results --args {"macro_name": "elementary_cli.get_dbt_models_test_coverage", "macro_args": {}} --project-dir C:\Users\Megha Goyte\Desktop\dbt_project\venv\Lib\site-packages\elementary\monitor\dbt_project
2023-10-19 15:06:47 — DEBUG — Result bytes size for command '['dbt', '--log-format', 'json', 'run-operation', 'elementary.log_macro_results', '--args', '{"macro_name": "elementary_cli.get_dbt_models_test_coverage", "macro_args": {}}', '--project-dir', 'C:\\Users\\Megha Goyte\\Desktop\\dbt_project\\venv\\Lib\\site-packages\\elementary\\monitor\\dbt_project']' is 5692
2023-10-19 15:06:47 — INFO — Running dbt --log-format json run-operation elementary.log_macro_results --args {"macro_name": "elementary_cli.get_nodes_depends_on_nodes", "macro_args": {"exclude_elementary": true}} --project-dir C:\Users\Megha Goyte\Desktop\dbt_project\venv\Lib\site-packages\elementary\monitor\dbt_project
2023-10-19 15:06:52 — DEBUG — Result bytes size for command '['dbt', '--log-format', 'json', 'run-operation', 'elementary.log_macro_results', '--args', '{"macro_name": "elementary_cli.get_nodes_depends_on_nodes", "macro_args": {"exclude_elementary": true}}', '--project-dir', 'C:\\Users\\Megha Goyte\\Desktop\\dbt_project\\venv\\Lib\\site-packages\\elementary\\monitor\\dbt_project']' is 8852
2023-10-19 15:06:52 — INFO — Running dbt --log-format json run-operation elementary.log_macro_results --args {"macro_name": "elementary_cli.get_models_latest_invocation", "macro_args": {}} --project-dir C:\Users\Megha Goyte\Desktop\dbt_project\venv\Lib\site-packages\elementary\monitor\dbt_project
2023-10-19 15:06:57 — DEBUG — Result bytes size for command '['dbt', '--log-format', 'json', 'run-operation', 'elementary.log_macro_results', '--args', '{"macro_name": "elementary_cli.get_models_latest_invocation", "macro_args": {}}', '--project-dir', 'C:\\Users\\Megha Goyte\\Desktop\\dbt_project\\venv\\Lib\\site-packages\\elementary\\monitor\\dbt_project']' is 13848
2023-10-19 15:06:57 — INFO — Running dbt --log-format json run-operation elementary.log_macro_results --args {"macro_name": "elementary_cli.get_models_latest_invocations_data", "macro_args": {}} --project-dir C:\Users\Megha Goyte\Desktop\dbt_project\venv\Lib\site-packages\elementary\monitor\dbt_project
2023-10-19 15:07:03 — DEBUG — Result bytes size for command '['dbt', '--log-format', 'json', 'run-operation', 'elementary.log_macro_results', '--args', '{"macro_name": "elementary_cli.get_models_latest_invocations_data", "macro_args": {}}', '--project-dir', 'C:\\Users\\Megha Goyte\\Desktop\\dbt_project\\venv\\Lib\\site-packages\\elementary\\monitor\\dbt_project']' is 2334
